0 info it worked if it ends with ok
1 verbose cli [ '/usr/bin/node',
1 verbose cli   '/usr/bin/npm',
1 verbose cli   'install',
1 verbose cli   '--save-dev',
1 verbose cli   'grunt-' ]
2 info using npm@1.3.24
3 info using node@v0.10.25
4 verbose node symlink /usr/bin/node
5 warn package.json craigslist@0.1.4 No repository field.
6 warn package.json vows@0.7.0 No repository field.
7 verbose cache add [ 'grunt-', null ]
8 verbose cache add name=undefined spec="grunt-" args=["grunt-",null]
9 verbose parsed url { protocol: null,
9 verbose parsed url   slashes: null,
9 verbose parsed url   auth: null,
9 verbose parsed url   host: null,
9 verbose parsed url   port: null,
9 verbose parsed url   hostname: null,
9 verbose parsed url   hash: null,
9 verbose parsed url   search: null,
9 verbose parsed url   query: null,
9 verbose parsed url   pathname: 'grunt-',
9 verbose parsed url   path: 'grunt-',
9 verbose parsed url   href: 'grunt-' }
10 silly lockFile 4865ab31-grunt grunt-
11 verbose lock grunt- /home/mithereal/.npm/4865ab31-grunt.lock
12 silly lockFile 4865ab31-grunt grunt-
13 silly lockFile 4865ab31-grunt grunt-
14 verbose addNamed [ 'grunt-', '' ]
15 verbose addNamed [ null, '*' ]
16 silly lockFile 1529b22a-grunt grunt-@
17 verbose lock grunt-@ /home/mithereal/.npm/1529b22a-grunt.lock
18 silly addNameRange { name: 'grunt-', range: '*', hasData: false }
19 verbose url raw grunt-
20 verbose url resolving [ 'https://registry.npmjs.org/', './grunt-' ]
21 verbose url resolved https://registry.npmjs.org/grunt-
22 info trying registry request attempt 1 at 16:41:04
23 http GET https://registry.npmjs.org/grunt-
24 http 404 https://registry.npmjs.org/grunt-
25 silly registry.get cb [ 404,
25 silly registry.get   { date: 'Fri, 20 Jun 2014 23:41:04 GMT',
25 silly registry.get     server: 'CouchDB/1.5.0 (Erlang OTP/R14B04)',
25 silly registry.get     'content-type': 'application/json',
25 silly registry.get     'cache-control': 'max-age=0',
25 silly registry.get     'content-length': '52',
25 silly registry.get     'accept-ranges': 'bytes',
25 silly registry.get     via: '1.1 varnish',
25 silly registry.get     age: '0',
25 silly registry.get     'x-served-by': 'cache-sv62-SJC3',
25 silly registry.get     'x-cache': 'MISS',
25 silly registry.get     'x-cache-hits': '0',
25 silly registry.get     'x-timer': 'S1403307664.552187,VS0,VE34',
25 silly registry.get     'keep-alive': 'timeout=10, max=50',
25 silly registry.get     connection: 'Keep-Alive' } ]
26 silly lockFile 1529b22a-grunt grunt-@
27 silly lockFile 1529b22a-grunt grunt-@
28 error 404 'grunt-' is not in the npm registry.
28 error 404 You should bug the author to publish it
28 error 404
28 error 404 Note that you can also install from a
28 error 404 tarball, folder, or http url, or git url.
29 error System Linux 3.13.0-29-generic
30 error command "/usr/bin/node" "/usr/bin/npm" "install" "--save-dev" "grunt-"
31 error cwd /home/mithereal/Projects/heroku-buildpack-opencart
32 error node -v v0.10.25
33 error npm -v 1.3.24
34 error code E404
35 verbose exit [ 1, true ]
